<?xml version="1.0" encoding="UTF-8"?>
<!-- Generated by org.testng.reporters.JUnitReportReporter -->
<testsuite hostname="sf-cpu-729" failures="0" tests="1" name="com.DSConnect.TestCases.VerifyAddAnnouncement" time="20.688" errors="0" timestamp="2022-08-25T09:14:58 IST" skipped="0">
  <testcase classname="com.DSConnect.TestCases.VerifyAddAnnouncement" name="CheckValidAnnouncementBanner" time="20.688"/>
  <system-out/>
</testsuite> <!-- com.DSConnect.TestCases.VerifyAddAnnouncement -->
