<?xml version="1.0" encoding="UTF-8"?>
<!-- Generated by org.testng.reporters.JUnitReportReporter -->
<testsuite hostname="sf-cpu-729" failures="0" tests="1" name="com.TestRails.Page.addDuplicatePage" time="6.758" errors="0" timestamp="2022-06-17T09:41:14 IST" skipped="0">
  <testcase classname="com.TestRails.Page.addDuplicatePage" name="doActions" time="6.758"/>
  <system-out/>
</testsuite> <!-- com.TestRails.Page.addDuplicatePage -->
