<?xml version="1.0" encoding="UTF-8"?>
<!-- Generated by org.testng.reporters.JUnitReportReporter -->
<testsuite hostname="sf-cpu-729" failures="0" tests="1" name="com.DSConnect.TestCases.VerifyLogin" time="17.487" errors="0" timestamp="2022-08-25T09:02:40 IST" skipped="0">
  <testcase classname="com.DSConnect.TestCases.VerifyLogin" name="CheckValidlogin" time="17.487"/>
  <system-out/>
</testsuite> <!-- com.DSConnect.TestCases.VerifyLogin -->
